This file contains any messages produced by compilers while
running configure, to aid debugging if configure makes a mistake.

It was created by asdl configure 3.0, which was
generated by GNU Autoconf 2.69.  Invocation command line was

  $ ./configure --enable-64-bit --prefix=/home/sarath/Documents/sml

## --------- ##
## Platform. ##
## --------- ##

hostname = fedora
uname -m = x86_64
uname -r = 6.4.15-200.fc38.x86_64
uname -s = Linux
uname -v = #1 SMP PREEMPT_DYNAMIC Thu Sep  7 00:25:01 UTC 2023

/usr/bin/uname -p = unknown
/bin/uname -X     = unknown

/bin/arch              = x86_64
/usr/bin/arch -k       = unknown
/usr/convex/getsysinfo = unknown
/usr/bin/hostinfo      = unknown
/bin/machine           = unknown
/usr/bin/oslevel       = unknown
/bin/universe          = unknown

PATH: /home/sarath/Documents/vim/sml/legacy/bin
PATH:  /home/sarath/bin
PATH: /usr/local/bin
PATH: /usr/bin/zsh
PATH: /usr/local/bin
PATH: /usr/local/sbin
PATH: /usr/bin
PATH: /usr/sbin


## ----------- ##
## Core tests. ##
## ----------- ##

configure:2279: checking build system type
configure:2293: result: x86_64-pc-linux-gnu
configure:2313: checking host system type
configure:2326: result: x86_64-pc-linux-gnu
configure:2411: checking for gcc
configure:2427: found /usr/bin/gcc
configure:2438: result: gcc
configure:2667: checking for C compiler version
configure:2676: gcc --version >&5
gcc (GCC) 13.2.1 20230728 (Red Hat 13.2.1-1)
Copyright (C) 2023 Free Software Foundation, Inc.
This is free software; see the source for copying conditions.  There is NO
warranty; not even for MERCHANTABILITY or FITNESS FOR A PARTICULAR PURPOSE.

configure:2687: $? = 0
configure:2676: gcc -v >&5
Using built-in specs.
COLLECT_GCC=gcc
COLLECT_LTO_WRAPPER=/usr/libexec/gcc/x86_64-redhat-linux/13/lto-wrapper
OFFLOAD_TARGET_NAMES=nvptx-none
OFFLOAD_TARGET_DEFAULT=1
Target: x86_64-redhat-linux
Configured with: ../configure --enable-bootstrap --enable-languages=c,c++,fortran,objc,obj-c++,ada,go,d,m2,lto --prefix=/usr --mandir=/usr/share/man --infodir=/usr/share/info --with-bugurl=http://bugzilla.redhat.com/bugzilla --enable-shared --enable-threads=posix --enable-checking=release --enable-multilib --with-system-zlib --enable-__cxa_atexit --disable-libunwind-exceptions --enable-gnu-unique-object --enable-linker-build-id --with-gcc-major-version-only --enable-libstdcxx-backtrace --with-libstdcxx-zoneinfo=/usr/share/zoneinfo --with-linker-hash-style=gnu --enable-plugin --enable-initfini-array --with-isl=/builddir/build/BUILD/gcc-13.2.1-20230728/obj-x86_64-redhat-linux/isl-install --enable-offload-targets=nvptx-none --without-cuda-driver --enable-offload-defaulted --enable-gnu-indirect-function --enable-cet --with-tune=generic --with-arch_32=i686 --build=x86_64-redhat-linux --with-build-config=bootstrap-lto --enable-link-serialization=1
Thread model: posix
Supported LTO compression algorithms: zlib zstd
gcc version 13.2.1 20230728 (Red Hat 13.2.1-1) (GCC) 
... rest of stderr output deleted ...
configure:2687: $? = 0
configure:2676: gcc -V >&5
gcc: error: unrecognized command-line option '-V'
gcc: fatal error: no input files
compilation terminated.
configure:2687: $? = 1
configure:2676: gcc -qversion >&5
gcc: error: unrecognized command-line option '-qversion'; did you mean '--version'?
gcc: fatal error: no input files
compilation terminated.
configure:2687: $? = 1
configure:2707: checking whether the C compiler works
configure:2729: gcc    conftest.c  >&5
configure:2733: $? = 0
configure:2781: result: yes
configure:2784: checking for C compiler default output file name
configure:2786: result: a.out
configure:2792: checking for suffix of executables
configure:2799: gcc -o conftest    conftest.c  >&5
configure:2803: $? = 0
configure:2825: result: 
configure:2847: checking whether we are cross compiling
configure:2855: gcc -o conftest    conftest.c  >&5
configure:2859: $? = 0
configure:2866: ./conftest
configure:2870: $? = 0
configure:2885: result: no
configure:2890: checking for suffix of object files
configure:2912: gcc -c   conftest.c >&5
configure:2916: $? = 0
configure:2937: result: o
configure:2941: checking whether we are using the GNU C compiler
configure:2960: gcc -c   conftest.c >&5
configure:2960: $? = 0
configure:2969: result: yes
configure:2978: checking whether gcc accepts -g
configure:2998: gcc -c -g  conftest.c >&5
configure:2998: $? = 0
configure:3039: result: yes
configure:3056: checking for gcc option to accept ISO C89
configure:3119: gcc  -c -g -O2  conftest.c >&5
configure:3119: $? = 0
configure:3132: result: none needed
configure:3157: checking how to run the C preprocessor
configure:3188: gcc -E  conftest.c
configure:3188: $? = 0
configure:3202: gcc -E  conftest.c
conftest.c:9:10: fatal error: ac_nonexistent.h: No such file or directory
    9 | #include <ac_nonexistent.h>
      |          ^~~~~~~~~~~~~~~~~~
compilation terminated.
configure:3202: $? = 1
configure: failed program was:
| /* confdefs.h */
| #define PACKAGE_NAME "asdl"
| #define PACKAGE_TARNAME "asdl"
| #define PACKAGE_VERSION "3.0"
| #define PACKAGE_STRING "asdl 3.0"
| #define PACKAGE_BUGREPORT ""
| #define PACKAGE_URL ""
| /* end confdefs.h.  */
| #include <ac_nonexistent.h>
configure:3227: result: gcc -E
configure:3247: gcc -E  conftest.c
configure:3247: $? = 0
configure:3261: gcc -E  conftest.c
conftest.c:9:10: fatal error: ac_nonexistent.h: No such file or directory
    9 | #include <ac_nonexistent.h>
      |          ^~~~~~~~~~~~~~~~~~
compilation terminated.
configure:3261: $? = 1
configure: failed program was:
| /* confdefs.h */
| #define PACKAGE_NAME "asdl"
| #define PACKAGE_TARNAME "asdl"
| #define PACKAGE_VERSION "3.0"
| #define PACKAGE_STRING "asdl 3.0"
| #define PACKAGE_BUGREPORT ""
| #define PACKAGE_URL ""
| /* end confdefs.h.  */
| #include <ac_nonexistent.h>
configure:3401: checking for C compiler version
configure:3410: gcc --version >&5
gcc (GCC) 13.2.1 20230728 (Red Hat 13.2.1-1)
Copyright (C) 2023 Free Software Foundation, Inc.
This is free software; see the source for copying conditions.  There is NO
warranty; not even for MERCHANTABILITY or FITNESS FOR A PARTICULAR PURPOSE.

configure:3421: $? = 0
configure:3410: gcc -v >&5
Using built-in specs.
COLLECT_GCC=gcc
COLLECT_LTO_WRAPPER=/usr/libexec/gcc/x86_64-redhat-linux/13/lto-wrapper
OFFLOAD_TARGET_NAMES=nvptx-none
OFFLOAD_TARGET_DEFAULT=1
Target: x86_64-redhat-linux
Configured with: ../configure --enable-bootstrap --enable-languages=c,c++,fortran,objc,obj-c++,ada,go,d,m2,lto --prefix=/usr --mandir=/usr/share/man --infodir=/usr/share/info --with-bugurl=http://bugzilla.redhat.com/bugzilla --enable-shared --enable-threads=posix --enable-checking=release --enable-multilib --with-system-zlib --enable-__cxa_atexit --disable-libunwind-exceptions --enable-gnu-unique-object --enable-linker-build-id --with-gcc-major-version-only --enable-libstdcxx-backtrace --with-libstdcxx-zoneinfo=/usr/share/zoneinfo --with-linker-hash-style=gnu --enable-plugin --enable-initfini-array --with-isl=/builddir/build/BUILD/gcc-13.2.1-20230728/obj-x86_64-redhat-linux/isl-install --enable-offload-targets=nvptx-none --without-cuda-driver --enable-offload-defaulted --enable-gnu-indirect-function --enable-cet --with-tune=generic --with-arch_32=i686 --build=x86_64-redhat-linux --with-build-config=bootstrap-lto --enable-link-serialization=1
Thread model: posix
Supported LTO compression algorithms: zlib zstd
gcc version 13.2.1 20230728 (Red Hat 13.2.1-1) (GCC) 
... rest of stderr output deleted ...
configure:3421: $? = 0
configure:3410: gcc -V >&5
gcc: error: unrecognized command-line option '-V'
gcc: fatal error: no input files
compilation terminated.
configure:3421: $? = 1
configure:3410: gcc -qversion >&5
gcc: error: unrecognized command-line option '-qversion'; did you mean '--version'?
gcc: fatal error: no input files
compilation terminated.
configure:3421: $? = 1
configure:3425: checking whether we are using the GNU C compiler
configure:3453: result: yes
configure:3462: checking whether gcc accepts -g
configure:3523: result: yes
configure:3540: checking for gcc option to accept ISO C89
configure:3616: result: none needed
configure:3694: checking for clang++
configure:3724: result: no
configure:3694: checking for g++
configure:3710: found /usr/bin/g++
configure:3721: result: g++
configure:3748: checking for C++ compiler version
configure:3757: g++ --version >&5
g++ (GCC) 13.2.1 20230728 (Red Hat 13.2.1-1)
Copyright (C) 2023 Free Software Foundation, Inc.
This is free software; see the source for copying conditions.  There is NO
warranty; not even for MERCHANTABILITY or FITNESS FOR A PARTICULAR PURPOSE.

configure:3768: $? = 0
configure:3757: g++ -v >&5
Using built-in specs.
COLLECT_GCC=g++
COLLECT_LTO_WRAPPER=/usr/libexec/gcc/x86_64-redhat-linux/13/lto-wrapper
OFFLOAD_TARGET_NAMES=nvptx-none
OFFLOAD_TARGET_DEFAULT=1
Target: x86_64-redhat-linux
Configured with: ../configure --enable-bootstrap --enable-languages=c,c++,fortran,objc,obj-c++,ada,go,d,m2,lto --prefix=/usr --mandir=/usr/share/man --infodir=/usr/share/info --with-bugurl=http://bugzilla.redhat.com/bugzilla --enable-shared --enable-threads=posix --enable-checking=release --enable-multilib --with-system-zlib --enable-__cxa_atexit --disable-libunwind-exceptions --enable-gnu-unique-object --enable-linker-build-id --with-gcc-major-version-only --enable-libstdcxx-backtrace --with-libstdcxx-zoneinfo=/usr/share/zoneinfo --with-linker-hash-style=gnu --enable-plugin --enable-initfini-array --with-isl=/builddir/build/BUILD/gcc-13.2.1-20230728/obj-x86_64-redhat-linux/isl-install --enable-offload-targets=nvptx-none --without-cuda-driver --enable-offload-defaulted --enable-gnu-indirect-function --enable-cet --with-tune=generic --with-arch_32=i686 --build=x86_64-redhat-linux --with-build-config=bootstrap-lto --enable-link-serialization=1
Thread model: posix
Supported LTO compression algorithms: zlib zstd
gcc version 13.2.1 20230728 (Red Hat 13.2.1-1) (GCC) 
... rest of stderr output deleted ...
configure:3768: $? = 0
configure:3757: g++ -V >&5
g++: error: unrecognized command-line option '-V'
g++: fatal error: no input files
compilation terminated.
configure:3768: $? = 1
configure:3757: g++ -qversion >&5
g++: error: unrecognized command-line option '-qversion'; did you mean '--version'?
g++: fatal error: no input files
compilation terminated.
configure:3768: $? = 1
configure:3772: checking whether we are using the GNU C++ compiler
configure:3791: g++ -c   conftest.cpp >&5
configure:3791: $? = 0
configure:3800: result: yes
configure:3809: checking whether g++ accepts -g
configure:3829: g++ -c -g  conftest.cpp >&5
configure:3829: $? = 0
configure:3870: result: yes
configure:3901: checking whether g++ supports C++11 features by default
configure:4195: g++ -c -g -O2  conftest.cpp >&5
configure:4195: $? = 0
configure:4202: result: yes
configure:4886: checking for a BSD-compatible install
configure:4954: result: /usr/bin/install -c
configure:4965: checking whether make sets $(MAKE)
configure:4987: result: yes
configure:5021: checking for grep that handles long lines and -e
configure:5079: result: /usr/bin/grep
configure:5084: checking for egrep
configure:5146: result: /usr/bin/grep -E
configure:5151: checking for ANSI C header files
configure:5171: gcc -c -g -O2  conftest.c >&5
configure:5171: $? = 0
configure:5244: gcc -o conftest -g -O2   conftest.c  >&5
configure:5244: $? = 0
configure:5244: ./conftest
configure:5244: $? = 0
configure:5255: result: yes
configure:5268: checking for sys/types.h
configure:5268: gcc -c -g -O2  conftest.c >&5
configure:5268: $? = 0
configure:5268: result: yes
configure:5268: checking for sys/stat.h
configure:5268: gcc -c -g -O2  conftest.c >&5
configure:5268: $? = 0
configure:5268: result: yes
configure:5268: checking for stdlib.h
configure:5268: gcc -c -g -O2  conftest.c >&5
configure:5268: $? = 0
configure:5268: result: yes
configure:5268: checking for string.h
configure:5268: gcc -c -g -O2  conftest.c >&5
configure:5268: $? = 0
configure:5268: result: yes
configure:5268: checking for memory.h
configure:5268: gcc -c -g -O2  conftest.c >&5
configure:5268: $? = 0
configure:5268: result: yes
configure:5268: checking for strings.h
configure:5268: gcc -c -g -O2  conftest.c >&5
configure:5268: $? = 0
configure:5268: result: yes
configure:5268: checking for inttypes.h
configure:5268: gcc -c -g -O2  conftest.c >&5
configure:5268: $? = 0
configure:5268: result: yes
configure:5268: checking for stdint.h
configure:5268: gcc -c -g -O2  conftest.c >&5
configure:5268: $? = 0
configure:5268: result: yes
configure:5268: checking for unistd.h
configure:5268: gcc -c -g -O2  conftest.c >&5
configure:5268: $? = 0
configure:5268: result: yes
configure:5284: checking size of int
configure:5289: gcc -o conftest -g -O2   conftest.c  >&5
configure:5289: $? = 0
configure:5289: ./conftest
configure:5289: $? = 0
configure:5303: result: 4
configure:5318: checking size of long
configure:5323: gcc -o conftest -g -O2   conftest.c  >&5
configure:5323: $? = 0
configure:5323: ./conftest
configure:5323: $? = 0
configure:5337: result: 8
configure:5352: checking size of float
configure:5357: gcc -o conftest -g -O2   conftest.c  >&5
configure:5357: $? = 0
configure:5357: ./conftest
configure:5357: $? = 0
configure:5371: result: 4
configure:5386: checking size of double
configure:5391: gcc -o conftest -g -O2   conftest.c  >&5
configure:5391: $? = 0
configure:5391: ./conftest
configure:5391: $? = 0
configure:5405: result: 8
configure:5570: checking version of SML/NJ
configure:5596: result: 110.98.1
configure:5604: checking heap suffix of SML/NJ
configure:5613: result: amd64-linux
configure:5632: checking for ml-makedepend
configure:5650: found /home/sarath/Documents/sml/bin/ml-makedepend
configure:5663: result: /home/sarath/Documents/sml/bin/ml-makedepend
configure:5676: checking for ml-build
configure:5694: found /home/sarath/Documents/sml/bin/ml-build
configure:5707: result: /home/sarath/Documents/sml/bin/ml-build
configure:5755: checking for ld
configure:5773: found /usr/bin/ld
configure:5786: result: /usr/bin/ld
configure:5959: creating ./config.status

## ---------------------- ##
## Running config.status. ##
## ---------------------- ##

This file was extended by asdl config.status 3.0, which was
generated by GNU Autoconf 2.69.  Invocation command line was

  CONFIG_FILES    = 
  CONFIG_HEADERS  = 
  CONFIG_LINKS    = 
  CONFIG_COMMANDS = 
  $ ./config.status 

on fedora

config.status:867: creating Makefile
config.status:867: creating doc/Makefile
config.status:867: creating doc/manual-2.0/Makefile
config.status:867: creating doc/manual-3.0/Makefile
config.status:867: creating examples/Makefile
config.status:867: creating src/Makefile
config.status:867: creating src/asdlgen/Makefile
config.status:867: creating src/lib/Makefile
config.status:867: creating src/lib/cxx/Makefile
config.status:867: creating src/tests/Makefile
config.status:867: creating src/tests/basics/Makefile
config.status:867: creating src/tests/options/Makefile
config.status:867: creating src/tests/primitives/Makefile
config.status:867: creating src/tests/sequences/Makefile
config.status:867: creating src/asdlgen/common/config.sml
config.status:867: creating bin/install-sml-wrapper.sh
config.status:867: creating src/gen/fragments/mkfrags.sh
config.status:867: creating src/gen/fragments/mkmk.sh
config.status:867: creating src/lib/cxx/include/asdl/config.h
config.status:1042: src/lib/cxx/include/asdl/config.h is unchanged

## ---------------- ##
## Cache variables. ##
## ---------------- ##

ac_cv_build=x86_64-pc-linux-gnu
ac_cv_c_compiler_gnu=yes
ac_cv_cxx_compiler_gnu=yes
ac_cv_env_CCC_set=
ac_cv_env_CCC_value=
ac_cv_env_CC_set=
ac_cv_env_CC_value=
ac_cv_env_CFLAGS_set=
ac_cv_env_CFLAGS_value=
ac_cv_env_CPPFLAGS_set=
ac_cv_env_CPPFLAGS_value=
ac_cv_env_CPP_set=
ac_cv_env_CPP_value=
ac_cv_env_CXXFLAGS_set=
ac_cv_env_CXXFLAGS_value=
ac_cv_env_CXX_set=
ac_cv_env_CXX_value=
ac_cv_env_LDFLAGS_set=
ac_cv_env_LDFLAGS_value=
ac_cv_env_LIBS_set=
ac_cv_env_LIBS_value=
ac_cv_env_build_alias_set=
ac_cv_env_build_alias_value=
ac_cv_env_host_alias_set=
ac_cv_env_host_alias_value=
ac_cv_env_target_alias_set=
ac_cv_env_target_alias_value=
ac_cv_header_inttypes_h=yes
ac_cv_header_memory_h=yes
ac_cv_header_stdc=yes
ac_cv_header_stdint_h=yes
ac_cv_header_stdlib_h=yes
ac_cv_header_string_h=yes
ac_cv_header_strings_h=yes
ac_cv_header_sys_stat_h=yes
ac_cv_header_sys_types_h=yes
ac_cv_header_unistd_h=yes
ac_cv_host=x86_64-pc-linux-gnu
ac_cv_objext=o
ac_cv_path_EGREP='/usr/bin/grep -E'
ac_cv_path_GREP=/usr/bin/grep
ac_cv_path_LD=/usr/bin/ld
ac_cv_path_ML_BUILD=/home/sarath/Documents/sml/bin/ml-build
ac_cv_path_ML_MAKEDEPEND=/home/sarath/Documents/sml/bin/ml-makedepend
ac_cv_path_install='/usr/bin/install -c'
ac_cv_prog_CPP='gcc -E'
ac_cv_prog_ac_ct_CC=gcc
ac_cv_prog_ac_ct_CXX=g++
ac_cv_prog_cc_c89=
ac_cv_prog_cc_g=yes
ac_cv_prog_cxx_g=yes
ac_cv_prog_make_make_set=yes
ac_cv_sizeof_double=8
ac_cv_sizeof_float=4
ac_cv_sizeof_int=4
ac_cv_sizeof_long=8
ax_cv_cxx_compile_cxx11=yes

## ----------------- ##
## Output variables. ##
## ----------------- ##

ASDLGEN_SRCDIR='/home/sarath/Documents/sml/asdl/src/asdlgen'
ASDL_BINDIR='/home/sarath/Documents/sml/asdl/bin'
ASDL_INCDIR='/home/sarath/Documents/sml/asdl/include'
ASDL_LIBDIR='/home/sarath/Documents/sml/asdl/lib'
ASDL_MKDIR='/home/sarath/Documents/sml/asdl/mk'
ASDL_ROOT='/home/sarath/Documents/sml/asdl'
ASDL_SRCDIR='/home/sarath/Documents/sml/asdl/src'
CC='gcc'
CFLAGS='-g -O2'
CPP='gcc -E'
CPPFLAGS=''
CXX='g++'
CXXFLAGS='-g -O2'
CXXFLAG_fPIC='-fPIC'
DEFS='-DHAVE_CONFIG_H'
DSLEXT='so'
ECHO_C=''
ECHO_N='-n'
ECHO_T=''
EGREP='/usr/bin/grep -E'
EXEEXT=''
GREP='/usr/bin/grep'
HAVE_CXX11='1'
HEAP_IMAGE_DIR='/home/sarath/Documents/sml/asdl/bin/.heap'
INSTALL_DATA='${INSTALL} -m 644'
INSTALL_PROGRAM='${INSTALL}'
INSTALL_SCRIPT='${INSTALL}'
INSTALL_SMLNJ_WRAPPER='/home/sarath/Documents/sml/asdl/bin/install-sml-wrapper.sh'
LD='/usr/bin/ld'
LDFLAGS=''
LD_DYNAMIC='g++ -shared'
LD_STATIC='/usr/bin/ld'
LIBOBJS=''
LIBS=''
LTLIBOBJS=''
MLTON=''
ML_BUILD='/home/sarath/Documents/sml/bin/ml-build'
ML_MAKEDEPEND='/home/sarath/Documents/sml/bin/ml-makedepend'
OBJEXT='o'
PACKAGE_BUGREPORT=''
PACKAGE_NAME='asdl'
PACKAGE_STRING='asdl 3.0'
PACKAGE_TARNAME='asdl'
PACKAGE_URL=''
PACKAGE_VERSION='3.0'
PATH_SEPARATOR=':'
SET_MAKE=''
SHELL='/bin/sh'
SIZEOF_C_DOUBLE='8'
SIZEOF_C_FLOAT='4'
SIZEOF_C_INT='4'
SIZEOF_C_LONG='8'
SML='smlnj'
SMLNJ_ARCH='amd64'
SMLNJ_CMD='/home/sarath/Documents/sml/bin/sml'
SMLNJ_HEAP_SUFFIX='amd64-linux'
SMLNJ_OPSYS='linux'
SMLNJ_PATH='/home/sarath/Documents/sml/bin'
SMLNJ_SIZE='-64'
SML_CMD='/home/sarath/Documents/sml/bin/sml'
ac_ct_CC='gcc'
ac_ct_CXX='g++'
bindir='${exec_prefix}/bin'
build='x86_64-pc-linux-gnu'
build_alias=''
build_cpu='x86_64'
build_os='linux-gnu'
build_vendor='pc'
datadir='${datarootdir}'
datarootdir='${prefix}/share'
docdir='${datarootdir}/doc/${PACKAGE_TARNAME}'
dvidir='${docdir}'
exec_prefix='${prefix}'
host='x86_64-pc-linux-gnu'
host_alias=''
host_cpu='x86_64'
host_os='linux-gnu'
host_vendor='pc'
htmldir='${docdir}'
includedir='${prefix}/include'
infodir='${datarootdir}/info'
libdir='${exec_prefix}/lib'
libexecdir='${exec_prefix}/libexec'
localedir='${datarootdir}/locale'
localstatedir='${prefix}/var'
mandir='${datarootdir}/man'
oldincludedir='/usr/include'
pdfdir='${docdir}'
prefix='/home/sarath/Documents/sml'
program_transform_name='s,x,x,'
psdir='${docdir}'
sbindir='${exec_prefix}/sbin'
sharedstatedir='${prefix}/com'
sysconfdir='${prefix}/etc'
target_alias=''
with_mlton='no'

## ----------- ##
## confdefs.h. ##
## ----------- ##

/* confdefs.h */
#define PACKAGE_NAME "asdl"
#define PACKAGE_TARNAME "asdl"
#define PACKAGE_VERSION "3.0"
#define PACKAGE_STRING "asdl 3.0"
#define PACKAGE_BUGREPORT ""
#define PACKAGE_URL ""
#define HAVE_CXX11 1
#define STDC_HEADERS 1
#define HAVE_SYS_TYPES_H 1
#define HAVE_SYS_STAT_H 1
#define HAVE_STDLIB_H 1
#define HAVE_STRING_H 1
#define HAVE_MEMORY_H 1
#define HAVE_STRINGS_H 1
#define HAVE_INTTYPES_H 1
#define HAVE_STDINT_H 1
#define HAVE_UNISTD_H 1
#define SIZEOF_INT 4
#define SIZEOF_LONG 8
#define SIZEOF_FLOAT 4
#define SIZEOF_DOUBLE 8

configure: exit 0
